2025-03-05 10:21:40 [restartedMain] INFO  c.a.ProjetConcessionApplication - Starting ProjetConcessionApplication using Java 21.0.6 with PID 4968 (C:\Users\marion.lucas\OneDrive - Accenture\Bureau\Cours\Projet\projet-concession\target\classes started by marion.lucas in C:\Users\marion.lucas\OneDrive - Accenture\Bureau\Cours\Projet\projet-concession)
2025-03-05 10:21:40 [restartedMain] DEBUG c.a.ProjetConcessionApplication - Running with Spring Boot v3.4.2, Spring v6.2.2
2025-03-05 10:21:40 [restartedMain] INFO  c.a.ProjetConcessionApplication - No active profile set, falling back to 1 default profile: "default"
2025-03-05 10:21:51 [restartedMain] INFO  c.a.ProjetConcessionApplication - Started ProjetConcessionApplication in 11.711 seconds (process running for 14.317)
2025-03-05 10:23:18 [http-nio-8080-exec-8] ERROR c.a.c.a.ApplicationControllerAdvice - L'email doit contenir un @ et un nom de domaine valide
2025-03-05 10:44:32 [restartedMain] INFO  c.a.ProjetConcessionApplication - Starting ProjetConcessionApplication using Java 21.0.6 with PID 4884 (C:\Users\marion.lucas\OneDrive - Accenture\Bureau\Cours\Projet\projet-concession\target\classes started by marion.lucas in C:\Users\marion.lucas\OneDrive - Accenture\Bureau\Cours\Projet\projet-concession)
2025-03-05 10:44:32 [restartedMain] DEBUG c.a.ProjetConcessionApplication - Running with Spring Boot v3.4.2, Spring v6.2.2
2025-03-05 10:44:32 [restartedMain] INFO  c.a.ProjetConcessionApplication - No active profile set, falling back to 1 default profile: "default"
2025-03-05 10:45:19 [restartedMain] INFO  c.a.ProjetConcessionApplication - Starting ProjetConcessionApplication using Java 21.0.6 with PID 12904 (C:\Users\marion.lucas\OneDrive - Accenture\Bureau\Cours\Projet\projet-concession\target\classes started by marion.lucas in C:\Users\marion.lucas\OneDrive - Accenture\Bureau\Cours\Projet\projet-concession)
2025-03-05 10:45:19 [restartedMain] DEBUG c.a.ProjetConcessionApplication - Running with Spring Boot v3.4.2, Spring v6.2.2
2025-03-05 10:45:19 [restartedMain] INFO  c.a.ProjetConcessionApplication - No active profile set, falling back to 1 default profile: "default"
2025-03-05 10:45:28 [restartedMain] INFO  c.a.ProjetConcessionApplication - Started ProjetConcessionApplication in 9.373 seconds (process running for 10.399)
2025-03-05 10:48:06 [restartedMain] INFO  c.a.ProjetConcessionApplication - Starting ProjetConcessionApplication using Java 21.0.6 with PID 12904 (C:\Users\marion.lucas\OneDrive - Accenture\Bureau\Cours\Projet\projet-concession\target\classes started by marion.lucas in C:\Users\marion.lucas\OneDrive - Accenture\Bureau\Cours\Projet\projet-concession)
2025-03-05 10:48:06 [restartedMain] DEBUG c.a.ProjetConcessionApplication - Running with Spring Boot v3.4.2, Spring v6.2.2
2025-03-05 10:48:06 [restartedMain] INFO  c.a.ProjetConcessionApplication - No active profile set, falling back to 1 default profile: "default"
2025-03-05 10:48:09 [restartedMain] INFO  c.a.ProjetConcessionApplication - Started ProjetConcessionApplication in 2.845 seconds (process running for 171.971)
2025-03-05 10:48:11 [restartedMain] INFO  c.a.ProjetConcessionApplication - Starting ProjetConcessionApplication using Java 21.0.6 with PID 12904 (C:\Users\marion.lucas\OneDrive - Accenture\Bureau\Cours\Projet\projet-concession\target\classes started by marion.lucas in C:\Users\marion.lucas\OneDrive - Accenture\Bureau\Cours\Projet\projet-concession)
2025-03-05 10:48:11 [restartedMain] DEBUG c.a.ProjetConcessionApplication - Running with Spring Boot v3.4.2, Spring v6.2.2
2025-03-05 10:48:11 [restartedMain] INFO  c.a.ProjetConcessionApplication - No active profile set, falling back to 1 default profile: "default"
2025-03-05 10:48:13 [restartedMain] INFO  c.a.ProjetConcessionApplication - Started ProjetConcessionApplication in 2.282 seconds (process running for 175.829)
2025-03-05 10:49:25 [restartedMain] INFO  c.a.ProjetConcessionApplication - Starting ProjetConcessionApplication using Java 21.0.6 with PID 3736 (C:\Users\marion.lucas\OneDrive - Accenture\Bureau\Cours\Projet\projet-concession\target\classes started by marion.lucas in C:\Users\marion.lucas\OneDrive - Accenture\Bureau\Cours\Projet\projet-concession)
2025-03-05 10:49:25 [restartedMain] DEBUG c.a.ProjetConcessionApplication - Running with Spring Boot v3.4.2, Spring v6.2.2
2025-03-05 10:49:25 [restartedMain] INFO  c.a.ProjetConcessionApplication - No active profile set, falling back to 1 default profile: "default"
2025-03-05 10:49:38 [restartedMain] INFO  c.a.ProjetConcessionApplication - Started ProjetConcessionApplication in 13.012 seconds (process running for 14.393)
2025-03-05 10:57:43 [restartedMain] INFO  c.a.ProjetConcessionApplication - Starting ProjetConcessionApplication using Java 21.0.6 with PID 1864 (C:\Users\marion.lucas\OneDrive - Accenture\Bureau\Cours\Projet\projet-concession\target\classes started by marion.lucas in C:\Users\marion.lucas\OneDrive - Accenture\Bureau\Cours\Projet\projet-concession)
2025-03-05 10:57:43 [restartedMain] DEBUG c.a.ProjetConcessionApplication - Running with Spring Boot v3.4.2, Spring v6.2.2
2025-03-05 10:57:43 [restartedMain] INFO  c.a.ProjetConcessionApplication - No active profile set, falling back to 1 default profile: "default"
2025-03-05 10:57:53 [restartedMain] INFO  c.a.ProjetConcessionApplication - Started ProjetConcessionApplication in 11.112 seconds (process running for 12.575)
2025-03-05 10:58:27 [restartedMain] INFO  c.a.ProjetConcessionApplication - Starting ProjetConcessionApplication using Java 21.0.6 with PID 1084 (C:\Users\marion.lucas\OneDrive - Accenture\Bureau\Cours\Projet\projet-concession\target\classes started by marion.lucas in C:\Users\marion.lucas\OneDrive - Accenture\Bureau\Cours\Projet\projet-concession)
2025-03-05 10:58:27 [restartedMain] DEBUG c.a.ProjetConcessionApplication - Running with Spring Boot v3.4.2, Spring v6.2.2
2025-03-05 10:58:27 [restartedMain] INFO  c.a.ProjetConcessionApplication - No active profile set, falling back to 1 default profile: "default"
2025-03-05 10:58:36 [restartedMain] INFO  c.a.ProjetConcessionApplication - Started ProjetConcessionApplication in 9.275 seconds (process running for 10.653)
2025-03-05 11:04:27 [restartedMain] INFO  c.a.ProjetConcessionApplication - Starting ProjetConcessionApplication using Java 21.0.6 with PID 23172 (C:\Users\marion.lucas\OneDrive - Accenture\Bureau\Cours\Projet\projet-concession\target\classes started by marion.lucas in C:\Users\marion.lucas\OneDrive - Accenture\Bureau\Cours\Projet\projet-concession)
2025-03-05 11:04:27 [restartedMain] DEBUG c.a.ProjetConcessionApplication - Running with Spring Boot v3.4.2, Spring v6.2.2
2025-03-05 11:04:27 [restartedMain] INFO  c.a.ProjetConcessionApplication - No active profile set, falling back to 1 default profile: "default"
2025-03-05 11:04:37 [restartedMain] INFO  c.a.ProjetConcessionApplication - Started ProjetConcessionApplication in 10.846 seconds (process running for 13.881)
2025-03-05 11:06:28 [restartedMain] INFO  c.a.ProjetConcessionApplication - Starting ProjetConcessionApplication using Java 21.0.6 with PID 23172 (C:\Users\marion.lucas\OneDrive - Accenture\Bureau\Cours\Projet\projet-concession\target\classes started by marion.lucas in C:\Users\marion.lucas\OneDrive - Accenture\Bureau\Cours\Projet\projet-concession)
2025-03-05 11:06:28 [restartedMain] DEBUG c.a.ProjetConcessionApplication - Running with Spring Boot v3.4.2, Spring v6.2.2
2025-03-05 11:06:28 [restartedMain] INFO  c.a.ProjetConcessionApplication - No active profile set, falling back to 1 default profile: "default"
2025-03-05 11:06:32 [restartedMain] INFO  c.a.ProjetConcessionApplication - Starting ProjetConcessionApplication using Java 21.0.6 with PID 23172 (C:\Users\marion.lucas\OneDrive - Accenture\Bureau\Cours\Projet\projet-concession\target\classes started by marion.lucas in C:\Users\marion.lucas\OneDrive - Accenture\Bureau\Cours\Projet\projet-concession)
2025-03-05 11:06:32 [restartedMain] DEBUG c.a.ProjetConcessionApplication - Running with Spring Boot v3.4.2, Spring v6.2.2
2025-03-05 11:06:32 [restartedMain] INFO  c.a.ProjetConcessionApplication - No active profile set, falling back to 1 default profile: "default"
2025-03-05 11:06:34 [restartedMain] INFO  c.a.ProjetConcessionApplication - Started ProjetConcessionApplication in 1.736 seconds (process running for 130.686)
2025-03-05 11:22:35 [restartedMain] INFO  c.a.ProjetConcessionApplication - Starting ProjetConcessionApplication using Java 21.0.6 with PID 23172 (C:\Users\marion.lucas\OneDrive - Accenture\Bureau\Cours\Projet\projet-concession\target\classes started by marion.lucas in C:\Users\marion.lucas\OneDrive - Accenture\Bureau\Cours\Projet\projet-concession)
2025-03-05 11:22:35 [restartedMain] DEBUG c.a.ProjetConcessionApplication - Running with Spring Boot v3.4.2, Spring v6.2.2
2025-03-05 11:22:35 [restartedMain] INFO  c.a.ProjetConcessionApplication - No active profile set, falling back to 1 default profile: "default"
2025-03-05 11:22:39 [restartedMain] INFO  c.a.ProjetConcessionApplication - Started ProjetConcessionApplication in 3.622 seconds (process running for 1095.784)
2025-03-05 11:22:51 [restartedMain] INFO  c.a.ProjetConcessionApplication - Starting ProjetConcessionApplication using Java 21.0.6 with PID 23172 (C:\Users\marion.lucas\OneDrive - Accenture\Bureau\Cours\Projet\projet-concession\target\classes started by marion.lucas in C:\Users\marion.lucas\OneDrive - Accenture\Bureau\Cours\Projet\projet-concession)
2025-03-05 11:22:51 [restartedMain] DEBUG c.a.ProjetConcessionApplication - Running with Spring Boot v3.4.2, Spring v6.2.2
2025-03-05 11:22:51 [restartedMain] INFO  c.a.ProjetConcessionApplication - No active profile set, falling back to 1 default profile: "default"
2025-03-05 11:22:53 [restartedMain] INFO  c.a.ProjetConcessionApplication - Started ProjetConcessionApplication in 2.307 seconds (process running for 1110.389)
2025-03-05 11:23:12 [http-nio-8080-exec-5] INFO  c.a.controller.VoitureController - Afficher liste de véhicules : [VoitureResponseDTO[id=1, marque=Seat, modele=Arona, couleur=Rouge, type=SUV, nbrPlaces=5, carburant=Essence, nbrPortes=Cinq, clim=true, transmission=MANUEL, bagages=5, permis=B, tarifJournee=70, kilometrage=15000, actif=true, retireDuParc=false], VoitureResponseDTO[id=2, marque=Peugeot, modele=208, couleur=Jaune, type=Citadine, nbrPlaces=5, carburant=Essence, nbrPortes=Cinq, clim=true, transmission=MANUEL, bagages=3, permis=B, tarifJournee=50, kilometrage=20000, actif=false, retireDuParc=true]] 
2025-03-05 11:23:19 [http-nio-8080-exec-6] INFO  c.a.controller.VehiculesController - Afficher liste de véhicules : VehiculeDTO[motos=[MotoResponseDTO[id=6, marque=Triumph, modele=T120, couleur=bleu clair, type=Vintage, transmission=MANUEL, tarifJournee=30, kilometrage=12000, actif=true, retireDuParc=true], MotoResponseDTO[id=7, marque=Yamaha, modele=R1, couleur=bleu, type=Sportive, transmission=MANUEL, tarifJournee=50, kilometrage=8000, actif=true, retireDuParc=false]], voitures=[VoitureResponseDTO[id=2, marque=Peugeot, modele=208, couleur=Jaune, type=Citadine, nbrPlaces=5, carburant=Essence, nbrPortes=Cinq, clim=true, transmission=MANUEL, bagages=3, permis=B, tarifJournee=50, kilometrage=20000, actif=false, retireDuParc=true], VoitureResponseDTO[id=1, marque=Seat, modele=Arona, couleur=Rouge, type=SUV, nbrPlaces=5, carburant=Essence, nbrPortes=Cinq, clim=true, transmission=MANUEL, bagages=5, permis=B, tarifJournee=70, kilometrage=15000, actif=true, retireDuParc=false]]] 
2025-03-05 11:23:33 [http-nio-8080-exec-7] ERROR c.a.c.a.ApplicationControllerAdvice - Le nombre de passager doit être cohérent
2025-03-05 11:23:42 [http-nio-8080-exec-8] INFO  c.a.controller.VoitureController - Ajouter une voiture : VoitureResponseDTO[id=8, marque=string, modele=string, couleur=string, type=Citadine, nbrPlaces=5, carburant=Diesel, nbrPortes=Trois, clim=true, transmission=AUTO, bagages=2, permis=B, tarifJournee=string, kilometrage=string, actif=true, retireDuParc=true]
2025-03-05 11:23:55 [http-nio-8080-exec-9] INFO  c.a.controller.VoitureController - Afficher liste de véhicules : [VoitureResponseDTO[id=1, marque=Seat, modele=Arona, couleur=Rouge, type=SUV, nbrPlaces=5, carburant=Essence, nbrPortes=Cinq, clim=true, transmission=MANUEL, bagages=5, permis=B, tarifJournee=70, kilometrage=15000, actif=true, retireDuParc=false], VoitureResponseDTO[id=2, marque=Peugeot, modele=208, couleur=Jaune, type=Citadine, nbrPlaces=5, carburant=Essence, nbrPortes=Cinq, clim=true, transmission=MANUEL, bagages=3, permis=B, tarifJournee=50, kilometrage=20000, actif=false, retireDuParc=true], VoitureResponseDTO[id=8, marque=string, modele=string, couleur=string, type=Citadine, nbrPlaces=5, carburant=Diesel, nbrPortes=Trois, clim=true, transmission=AUTO, bagages=2, permis=B, tarifJournee=string, kilometrage=string, actif=true, retireDuParc=true]] 
2025-03-05 11:24:03 [http-nio-8080-exec-10] INFO  c.a.controller.VoitureController - Supprimer une voiture : VoitureResponseDTO[id=8, marque=string, modele=string, couleur=string, type=Citadine, nbrPlaces=5, carburant=Diesel, nbrPortes=Trois, clim=true, transmission=AUTO, bagages=2, permis=B, tarifJournee=string, kilometrage=string, actif=true, retireDuParc=true]
2025-03-05 11:24:04 [http-nio-8080-exec-1] ERROR c.a.c.a.ApplicationControllerAdvice - ID inconnu
2025-03-05 11:24:11 [http-nio-8080-exec-2] INFO  c.a.controller.MotoController - Afficher liste de véhicules : [MotoResponseDTO[id=6, marque=Triumph, modele=T120, couleur=bleu clair, type=Vintage, transmission=MANUEL, tarifJournee=30, kilometrage=12000, actif=true, retireDuParc=true], MotoResponseDTO[id=7, marque=Yamaha, modele=R1, couleur=bleu, type=Sportive, transmission=MANUEL, tarifJournee=50, kilometrage=8000, actif=true, retireDuParc=false]] 
2025-03-05 11:25:36 [restartedMain] INFO  c.a.ProjetConcessionApplication - Starting ProjetConcessionApplication using Java 21.0.6 with PID 26268 (C:\Users\marion.lucas\OneDrive - Accenture\Bureau\Cours\Projet\projet-concession\target\classes started by marion.lucas in C:\Users\marion.lucas\OneDrive - Accenture\Bureau\Cours\Projet\projet-concession)
2025-03-05 11:25:36 [restartedMain] DEBUG c.a.ProjetConcessionApplication - Running with Spring Boot v3.4.2, Spring v6.2.2
2025-03-05 11:25:36 [restartedMain] INFO  c.a.ProjetConcessionApplication - No active profile set, falling back to 1 default profile: "default"
2025-03-05 11:25:46 [restartedMain] INFO  c.a.ProjetConcessionApplication - Started ProjetConcessionApplication in 10.429 seconds (process running for 13.739)
2025-03-05 11:26:26 [restartedMain] INFO  c.a.ProjetConcessionApplication - Starting ProjetConcessionApplication using Java 21.0.6 with PID 11872 (C:\Users\marion.lucas\OneDrive - Accenture\Bureau\Cours\Projet\projet-concession\target\classes started by marion.lucas in C:\Users\marion.lucas\OneDrive - Accenture\Bureau\Cours\Projet\projet-concession)
2025-03-05 11:26:26 [restartedMain] DEBUG c.a.ProjetConcessionApplication - Running with Spring Boot v3.4.2, Spring v6.2.2
2025-03-05 11:26:26 [restartedMain] INFO  c.a.ProjetConcessionApplication - No active profile set, falling back to 1 default profile: "default"
2025-03-05 11:26:35 [restartedMain] INFO  c.a.ProjetConcessionApplication - Started ProjetConcessionApplication in 10.282 seconds (process running for 11.783)
2025-03-05 11:29:00 [http-nio-8080-exec-1] INFO  c.a.controller.VehiculesController - Afficher liste de véhicules : VehiculeDTO[motos=[MotoResponseDTO[id=6, marque=Triumph, modele=T120, couleur=bleu clair, type=Vintage, transmission=MANUEL, tarifJournee=30, kilometrage=12000, actif=true, retireDuParc=true], MotoResponseDTO[id=7, marque=Yamaha, modele=R1, couleur=bleu, type=Sportive, transmission=MANUEL, tarifJournee=50, kilometrage=8000, actif=true, retireDuParc=false]], voitures=[VoitureResponseDTO[id=2, marque=Peugeot, modele=208, couleur=Jaune, type=Citadine, nbrPlaces=5, carburant=Essence, nbrPortes=Cinq, clim=true, transmission=MANUEL, bagages=3, permis=B, tarifJournee=50, kilometrage=20000, actif=false, retireDuParc=true], VoitureResponseDTO[id=1, marque=Seat, modele=Arona, couleur=Rouge, type=SUV, nbrPlaces=5, carburant=Essence, nbrPortes=Cinq, clim=true, transmission=MANUEL, bagages=5, permis=B, tarifJournee=70, kilometrage=15000, actif=true, retireDuParc=false]]] 
2025-03-05 12:42:09 [main] ERROR c.a.s.AdministrateurServiceImpl - verifadminErreur dans l'email ou le mot de passe 
2025-03-05 12:42:09 [main] ERROR c.a.s.AdministrateurServiceImpl - verifier adminadmin est null
2025-03-05 12:42:09 [main] ERROR c.a.s.AdministrateurServiceImpl - verifier adminle nom est obligatoire
2025-03-05 12:42:09 [main] ERROR c.a.s.AdministrateurServiceImpl - verifadminErreur dans l'email ou le mot de passe 
2025-03-05 12:42:09 [main] ERROR c.a.s.AdministrateurServiceImpl - verifier adminle mot de passe doit respecter le Regex 
2025-03-05 12:42:09 [main] ERROR c.a.s.AdministrateurServiceImpl - verifier adminl'email doit respecter le Regex
2025-03-05 12:42:09 [main] ERROR c.a.s.AdministrateurServiceImpl - verifier adminle mot de passe est obligatoire
2025-03-05 12:42:09 [main] ERROR c.a.s.AdministrateurServiceImpl - verifier adminle mot de passe est obligatoire
2025-03-05 12:42:09 [main] ERROR c.a.s.AdministrateurServiceImpl - verifier adminle prénom est obligatoire
2025-03-05 12:42:09 [main] ERROR c.a.s.AdministrateurServiceImpl - verifadminErreur dans l'email ou le mot de passe 
2025-03-05 12:42:09 [main] ERROR c.a.s.AdministrateurServiceImpl - verifadminErreur dans l'email ou le mot de passe 
2025-03-05 12:42:09 [main] ERROR c.a.s.AdministrateurServiceImpl - trouverID non présent
2025-03-05 12:42:09 [main] ERROR c.a.s.AdministrateurServiceImpl - verifier adminle nom est obligatoire
2025-03-05 12:42:09 [main] ERROR c.a.s.AdministrateurServiceImpl - verifier adminla fonction est obligatoire
2025-03-05 12:42:09 [main] ERROR c.a.s.AdministrateurServiceImpl - verifier adminl'email est obligatoire
2025-03-05 12:42:09 [main] ERROR c.a.s.AdministrateurServiceImpl - verifier adminla fonction est obligatoire
2025-03-05 12:42:09 [main] ERROR c.a.s.AdministrateurServiceImpl - verifier adminl'email est obligatoire
2025-03-05 12:42:09 [main] ERROR c.a.s.AdministrateurServiceImpl - verifier adminle prénom est obligatoire
2025-03-05 14:13:50 [restartedMain] INFO  c.a.ProjetConcessionApplication - Starting ProjetConcessionApplication using Java 21.0.6 with PID 27448 (C:\Users\marion.lucas\OneDrive - Accenture\Bureau\Cours\Projet\projet-concession\target\classes started by marion.lucas in C:\Users\marion.lucas\OneDrive - Accenture\Bureau\Cours\Projet\projet-concession)
2025-03-05 14:13:50 [restartedMain] DEBUG c.a.ProjetConcessionApplication - Running with Spring Boot v3.4.2, Spring v6.2.2
2025-03-05 14:13:50 [restartedMain] INFO  c.a.ProjetConcessionApplication - No active profile set, falling back to 1 default profile: "default"
2025-03-05 14:15:21 [restartedMain] INFO  c.a.ProjetConcessionApplication - Starting ProjetConcessionApplication using Java 21.0.6 with PID 21796 (C:\Users\marion.lucas\OneDrive - Accenture\Bureau\Cours\Projet\projet-concession\target\classes started by marion.lucas in C:\Users\marion.lucas\OneDrive - Accenture\Bureau\Cours\Projet\projet-concession)
2025-03-05 14:15:21 [restartedMain] DEBUG c.a.ProjetConcessionApplication - Running with Spring Boot v3.4.2, Spring v6.2.2
2025-03-05 14:15:21 [restartedMain] INFO  c.a.ProjetConcessionApplication - No active profile set, falling back to 1 default profile: "default"
2025-03-05 14:16:36 [restartedMain] INFO  c.a.ProjetConcessionApplication - Starting ProjetConcessionApplication using Java 21.0.6 with PID 29160 (C:\Users\marion.lucas\OneDrive - Accenture\Bureau\Cours\Projet\projet-concession\target\classes started by marion.lucas in C:\Users\marion.lucas\OneDrive - Accenture\Bureau\Cours\Projet\projet-concession)
2025-03-05 14:16:36 [restartedMain] DEBUG c.a.ProjetConcessionApplication - Running with Spring Boot v3.4.2, Spring v6.2.2
2025-03-05 14:16:36 [restartedMain] INFO  c.a.ProjetConcessionApplication - No active profile set, falling back to 1 default profile: "default"
2025-03-05 14:18:36 [restartedMain] INFO  c.a.ProjetConcessionApplication - Starting ProjetConcessionApplication using Java 21.0.6 with PID 27720 (C:\Users\marion.lucas\OneDrive - Accenture\Bureau\Cours\Projet\projet-concession\target\classes started by marion.lucas in C:\Users\marion.lucas\OneDrive - Accenture\Bureau\Cours\Projet\projet-concession)
2025-03-05 14:18:36 [restartedMain] DEBUG c.a.ProjetConcessionApplication - Running with Spring Boot v3.4.2, Spring v6.2.2
2025-03-05 14:18:36 [restartedMain] INFO  c.a.ProjetConcessionApplication - No active profile set, falling back to 1 default profile: "default"
2025-03-05 14:20:07 [restartedMain] INFO  c.a.ProjetConcessionApplication - Starting ProjetConcessionApplication using Java 21.0.6 with PID 29540 (C:\Users\marion.lucas\OneDrive - Accenture\Bureau\Cours\Projet\projet-concession\target\classes started by marion.lucas in C:\Users\marion.lucas\OneDrive - Accenture\Bureau\Cours\Projet\projet-concession)
2025-03-05 14:20:07 [restartedMain] DEBUG c.a.ProjetConcessionApplication - Running with Spring Boot v3.4.2, Spring v6.2.2
2025-03-05 14:20:07 [restartedMain] INFO  c.a.ProjetConcessionApplication - No active profile set, falling back to 1 default profile: "default"
2025-03-05 14:20:17 [restartedMain] INFO  c.a.ProjetConcessionApplication - Started ProjetConcessionApplication in 10.826 seconds (process running for 11.988)
2025-03-05 14:21:58 [restartedMain] INFO  c.a.ProjetConcessionApplication - Starting ProjetConcessionApplication using Java 21.0.6 with PID 16356 (C:\Users\marion.lucas\OneDrive - Accenture\Bureau\Cours\Projet\projet-concession\target\classes started by marion.lucas in C:\Users\marion.lucas\OneDrive - Accenture\Bureau\Cours\Projet\projet-concession)
2025-03-05 14:21:58 [restartedMain] DEBUG c.a.ProjetConcessionApplication - Running with Spring Boot v3.4.2, Spring v6.2.2
2025-03-05 14:21:58 [restartedMain] INFO  c.a.ProjetConcessionApplication - No active profile set, falling back to 1 default profile: "default"
2025-03-05 14:22:10 [restartedMain] INFO  c.a.ProjetConcessionApplication - Started ProjetConcessionApplication in 11.994 seconds (process running for 13.917)
2025-03-05 14:23:28 [restartedMain] INFO  c.a.ProjetConcessionApplication - Starting ProjetConcessionApplication using Java 21.0.6 with PID 25172 (C:\Users\marion.lucas\OneDrive - Accenture\Bureau\Cours\Projet\projet-concession\target\classes started by marion.lucas in C:\Users\marion.lucas\OneDrive - Accenture\Bureau\Cours\Projet\projet-concession)
2025-03-05 14:23:28 [restartedMain] DEBUG c.a.ProjetConcessionApplication - Running with Spring Boot v3.4.2, Spring v6.2.2
2025-03-05 14:23:28 [restartedMain] INFO  c.a.ProjetConcessionApplication - No active profile set, falling back to 1 default profile: "default"
2025-03-05 14:23:38 [restartedMain] INFO  c.a.ProjetConcessionApplication - Started ProjetConcessionApplication in 9.803 seconds (process running for 11.252)
2025-03-05 14:23:43 [restartedMain] INFO  c.a.ProjetConcessionApplication - Starting ProjetConcessionApplication using Java 21.0.6 with PID 17732 (C:\Users\marion.lucas\OneDrive - Accenture\Bureau\Cours\Projet\projet-concession\target\classes started by marion.lucas in C:\Users\marion.lucas\OneDrive - Accenture\Bureau\Cours\Projet\projet-concession)
2025-03-05 14:23:43 [restartedMain] DEBUG c.a.ProjetConcessionApplication - Running with Spring Boot v3.4.2, Spring v6.2.2
2025-03-05 14:23:43 [restartedMain] INFO  c.a.ProjetConcessionApplication - No active profile set, falling back to 1 default profile: "default"
2025-03-05 14:23:51 [restartedMain] INFO  c.a.ProjetConcessionApplication - Started ProjetConcessionApplication in 8.88 seconds (process running for 10.361)
2025-03-05 14:24:32 [http-nio-8080-exec-2] INFO  c.a.controller.VoitureController - Ajouter une voiture : VoitureResponseDTO[id=1, marque=Seat, modele=Arona, couleur=Rouge, type=SUV, nbrPlaces=5, carburant=ESSENCE, nbrPortes=CINQ, clim=true, transmission=MANUEL, bagages=5, permis=B, tarifJournee=70, kilometrage=15000, actif=true, retireDuParc=false]
2025-03-05 14:25:05 [http-nio-8080-exec-4] INFO  c.a.controller.VoitureController - Ajouter une voiture : VoitureResponseDTO[id=2, marque=Peugeot, modele=208, couleur=Jaune, type=CITADINE, nbrPlaces=5, carburant=ESSENCE, nbrPortes=CINQ, clim=true, transmission=MANUEL, bagages=3, permis=B, tarifJournee=50, kilometrage=20000, actif=false, retireDuParc=true]
2025-03-05 14:25:17 [http-nio-8080-exec-5] INFO  c.a.controller.VoitureController - Afficher liste de véhicules : [VoitureResponseDTO[id=1, marque=Seat, modele=Arona, couleur=Rouge, type=SUV, nbrPlaces=5, carburant=ESSENCE, nbrPortes=CINQ, clim=true, transmission=MANUEL, bagages=5, permis=B, tarifJournee=70, kilometrage=15000, actif=true, retireDuParc=false], VoitureResponseDTO[id=2, marque=Peugeot, modele=208, couleur=Jaune, type=CITADINE, nbrPlaces=5, carburant=ESSENCE, nbrPortes=CINQ, clim=true, transmission=MANUEL, bagages=3, permis=B, tarifJournee=50, kilometrage=20000, actif=false, retireDuParc=true]] 
2025-03-05 14:25:41 [http-nio-8080-exec-6] INFO  c.a.controller.MotoController - Ajouter une moto : MotoResponseDTO[id=3, marque=Triumph, modele=T120, couleur=bleu clair, type=VINTAGE, transmission=MANUEL, tarifJournee=30, kilometrage=12000, actif=true, retireDuParc=true]
2025-03-05 14:26:01 [http-nio-8080-exec-7] INFO  c.a.controller.MotoController - Ajouter une moto : MotoResponseDTO[id=4, marque=Yamaha, modele=R1, couleur=bleu, type=SPORTIVE, transmission=MANUEL, tarifJournee=50, kilometrage=8000, actif=true, retireDuParc=false]
2025-03-05 14:26:12 [http-nio-8080-exec-8] INFO  c.a.controller.MotoController - Afficher liste de véhicules : [MotoResponseDTO[id=3, marque=Triumph, modele=T120, couleur=bleu clair, type=VINTAGE, transmission=MANUEL, tarifJournee=30, kilometrage=12000, actif=true, retireDuParc=true], MotoResponseDTO[id=4, marque=Yamaha, modele=R1, couleur=bleu, type=SPORTIVE, transmission=MANUEL, tarifJournee=50, kilometrage=8000, actif=true, retireDuParc=false]] 
2025-03-05 14:26:21 [http-nio-8080-exec-10] INFO  c.a.controller.VehiculesController - Afficher liste de véhicules : VehiculeDTO[motos=[MotoResponseDTO[id=4, marque=Yamaha, modele=R1, couleur=bleu, type=SPORTIVE, transmission=MANUEL, tarifJournee=50, kilometrage=8000, actif=true, retireDuParc=false], MotoResponseDTO[id=3, marque=Triumph, modele=T120, couleur=bleu clair, type=VINTAGE, transmission=MANUEL, tarifJournee=30, kilometrage=12000, actif=true, retireDuParc=true]], voitures=[VoitureResponseDTO[id=1, marque=Seat, modele=Arona, couleur=Rouge, type=SUV, nbrPlaces=5, carburant=ESSENCE, nbrPortes=CINQ, clim=true, transmission=MANUEL, bagages=5, permis=B, tarifJournee=70, kilometrage=15000, actif=true, retireDuParc=false], VoitureResponseDTO[id=2, marque=Peugeot, modele=208, couleur=Jaune, type=CITADINE, nbrPlaces=5, carburant=ESSENCE, nbrPortes=CINQ, clim=true, transmission=MANUEL, bagages=3, permis=B, tarifJournee=50, kilometrage=20000, actif=false, retireDuParc=true]]] 
2025-03-05 14:28:12 [restartedMain] INFO  c.a.ProjetConcessionApplication - Starting ProjetConcessionApplication using Java 21.0.6 with PID 17732 (C:\Users\marion.lucas\OneDrive - Accenture\Bureau\Cours\Projet\projet-concession\target\classes started by marion.lucas in C:\Users\marion.lucas\OneDrive - Accenture\Bureau\Cours\Projet\projet-concession)
2025-03-05 14:28:12 [restartedMain] DEBUG c.a.ProjetConcessionApplication - Running with Spring Boot v3.4.2, Spring v6.2.2
2025-03-05 14:28:12 [restartedMain] INFO  c.a.ProjetConcessionApplication - No active profile set, falling back to 1 default profile: "default"
2025-03-05 14:28:15 [restartedMain] INFO  c.a.ProjetConcessionApplication - Started ProjetConcessionApplication in 3.318 seconds (process running for 274.344)
2025-03-05 14:28:18 [restartedMain] INFO  c.a.ProjetConcessionApplication - Starting ProjetConcessionApplication using Java 21.0.6 with PID 17732 (C:\Users\marion.lucas\OneDrive - Accenture\Bureau\Cours\Projet\projet-concession\target\classes started by marion.lucas in C:\Users\marion.lucas\OneDrive - Accenture\Bureau\Cours\Projet\projet-concession)
2025-03-05 14:28:18 [restartedMain] DEBUG c.a.ProjetConcessionApplication - Running with Spring Boot v3.4.2, Spring v6.2.2
2025-03-05 14:28:18 [restartedMain] INFO  c.a.ProjetConcessionApplication - No active profile set, falling back to 1 default profile: "default"
2025-03-05 14:28:20 [restartedMain] INFO  c.a.ProjetConcessionApplication - Started ProjetConcessionApplication in 2.124 seconds (process running for 279.106)
2025-03-05 14:28:45 [http-nio-8080-exec-1] INFO  c.a.controller.VehiculesController - Rechercher une véhicule : VehiculeDTO[motos=[], voitures=[VoitureResponseDTO[id=1, marque=Seat, modele=Arona, couleur=Rouge, type=SUV, nbrPlaces=5, carburant=ESSENCE, nbrPortes=CINQ, clim=true, transmission=MANUEL, bagages=5, permis=B, tarifJournee=70, kilometrage=15000, actif=true, retireDuParc=false]]]
2025-03-05 14:28:49 [http-nio-8080-exec-2] INFO  c.a.controller.VehiculesController - Rechercher une véhicule : VehiculeDTO[motos=[MotoResponseDTO[id=3, marque=Triumph, modele=T120, couleur=bleu clair, type=VINTAGE, transmission=MANUEL, tarifJournee=30, kilometrage=12000, actif=true, retireDuParc=true]], voitures=[]]
2025-03-05 14:29:15 [http-nio-8080-exec-3] INFO  c.a.controller.VehiculesController - Rechercher par dates et catégories de véhicules : VehiculeDTO[motos=[MotoResponseDTO[id=4, marque=Yamaha, modele=R1, couleur=bleu, type=SPORTIVE, transmission=MANUEL, tarifJournee=50, kilometrage=8000, actif=true, retireDuParc=false], MotoResponseDTO[id=3, marque=Triumph, modele=T120, couleur=bleu clair, type=VINTAGE, transmission=MANUEL, tarifJournee=30, kilometrage=12000, actif=true, retireDuParc=true]], voitures=[VoitureResponseDTO[id=1, marque=Seat, modele=Arona, couleur=Rouge, type=SUV, nbrPlaces=5, carburant=ESSENCE, nbrPortes=CINQ, clim=true, transmission=MANUEL, bagages=5, permis=B, tarifJournee=70, kilometrage=15000, actif=true, retireDuParc=false], VoitureResponseDTO[id=2, marque=Peugeot, modele=208, couleur=Jaune, type=CITADINE, nbrPlaces=5, carburant=ESSENCE, nbrPortes=CINQ, clim=true, transmission=MANUEL, bagages=3, permis=B, tarifJournee=50, kilometrage=20000, actif=false, retireDuParc=true]]] 
2025-03-05 14:29:26 [http-nio-8080-exec-4] INFO  c.a.controller.VehiculesController - Ajouter un véhicule : VehiculeDTO[motos=[MotoResponseDTO[id=4, marque=Yamaha, modele=R1, couleur=bleu, type=SPORTIVE, transmission=MANUEL, tarifJournee=50, kilometrage=8000, actif=true, retireDuParc=false], MotoResponseDTO[id=3, marque=Triumph, modele=T120, couleur=bleu clair, type=VINTAGE, transmission=MANUEL, tarifJournee=30, kilometrage=12000, actif=true, retireDuParc=true]], voitures=[VoitureResponseDTO[id=1, marque=Seat, modele=Arona, couleur=Rouge, type=SUV, nbrPlaces=5, carburant=ESSENCE, nbrPortes=CINQ, clim=true, transmission=MANUEL, bagages=5, permis=B, tarifJournee=70, kilometrage=15000, actif=true, retireDuParc=false]]]
2025-03-05 14:56:06 [restartedMain] INFO  c.a.ProjetConcessionApplication - Starting ProjetConcessionApplication using Java 21.0.6 with PID 17732 (C:\Users\marion.lucas\OneDrive - Accenture\Bureau\Cours\Projet\projet-concession\target\classes started by marion.lucas in C:\Users\marion.lucas\OneDrive - Accenture\Bureau\Cours\Projet\projet-concession)
2025-03-05 14:56:06 [restartedMain] DEBUG c.a.ProjetConcessionApplication - Running with Spring Boot v3.4.2, Spring v6.2.2
2025-03-05 14:56:06 [restartedMain] INFO  c.a.ProjetConcessionApplication - No active profile set, falling back to 1 default profile: "default"
2025-03-05 14:56:09 [restartedMain] INFO  c.a.ProjetConcessionApplication - Starting ProjetConcessionApplication using Java 21.0.6 with PID 17732 (C:\Users\marion.lucas\OneDrive - Accenture\Bureau\Cours\Projet\projet-concession\target\classes started by marion.lucas in C:\Users\marion.lucas\OneDrive - Accenture\Bureau\Cours\Projet\projet-concession)
2025-03-05 14:56:09 [restartedMain] DEBUG c.a.ProjetConcessionApplication - Running with Spring Boot v3.4.2, Spring v6.2.2
2025-03-05 14:56:09 [restartedMain] INFO  c.a.ProjetConcessionApplication - No active profile set, falling back to 1 default profile: "default"
2025-03-05 14:56:11 [restartedMain] INFO  c.a.ProjetConcessionApplication - Started ProjetConcessionApplication in 1.653 seconds (process running for 1950.087)
2025-03-05 15:40:20 [restartedMain] INFO  c.a.ProjetConcessionApplication - Starting ProjetConcessionApplication using Java 21.0.6 with PID 1588 (C:\Users\marion.lucas\OneDrive - Accenture\Bureau\Cours\Projet\projet-concession\target\classes started by marion.lucas in C:\Users\marion.lucas\OneDrive - Accenture\Bureau\Cours\Projet\projet-concession)
2025-03-05 15:40:20 [restartedMain] DEBUG c.a.ProjetConcessionApplication - Running with Spring Boot v3.4.2, Spring v6.2.2
2025-03-05 15:40:20 [restartedMain] INFO  c.a.ProjetConcessionApplication - No active profile set, falling back to 1 default profile: "default"
2025-03-05 15:40:29 [restartedMain] INFO  c.a.ProjetConcessionApplication - Started ProjetConcessionApplication in 10.224 seconds (process running for 11.998)
2025-03-05 15:52:12 [restartedMain] INFO  c.a.ProjetConcessionApplication - Starting ProjetConcessionApplication using Java 21.0.6 with PID 19520 (C:\Users\marion.lucas\OneDrive - Accenture\Bureau\Cours\Projet\projet-concession\target\classes started by marion.lucas in C:\Users\marion.lucas\OneDrive - Accenture\Bureau\Cours\Projet\projet-concession)
2025-03-05 15:52:12 [restartedMain] DEBUG c.a.ProjetConcessionApplication - Running with Spring Boot v3.4.2, Spring v6.2.2
2025-03-05 15:52:12 [restartedMain] INFO  c.a.ProjetConcessionApplication - No active profile set, falling back to 1 default profile: "default"
2025-03-05 15:52:21 [restartedMain] INFO  c.a.ProjetConcessionApplication - Started ProjetConcessionApplication in 9.782 seconds (process running for 11.178)
2025-03-05 15:52:30 [http-nio-8080-exec-4] INFO  c.a.controller.MotoController - Afficher liste de véhicules : [MotoResponseDTO[id=3, marque=Triumph, modele=T120, couleur=bleu clair, type=VINTAGE, transmission=MANUEL, tarifJournee=30, kilometrage=12000, actif=true, retireDuParc=true], MotoResponseDTO[id=4, marque=Yamaha, modele=R1, couleur=bleu, type=SPORTIVE, transmission=MANUEL, tarifJournee=50, kilometrage=8000, actif=true, retireDuParc=false]] 
2025-03-05 15:53:45 [restartedMain] INFO  c.a.ProjetConcessionApplication - Starting ProjetConcessionApplication using Java 21.0.6 with PID 26968 (C:\Users\marion.lucas\OneDrive - Accenture\Bureau\Cours\Projet\projet-concession\target\classes started by marion.lucas in C:\Users\marion.lucas\OneDrive - Accenture\Bureau\Cours\Projet\projet-concession)
2025-03-05 15:53:45 [restartedMain] DEBUG c.a.ProjetConcessionApplication - Running with Spring Boot v3.4.2, Spring v6.2.2
2025-03-05 15:53:45 [restartedMain] INFO  c.a.ProjetConcessionApplication - No active profile set, falling back to 1 default profile: "default"
2025-03-05 15:53:57 [restartedMain] INFO  c.a.ProjetConcessionApplication - Started ProjetConcessionApplication in 12.563 seconds (process running for 13.901)
2025-03-05 15:54:08 [http-nio-8080-exec-5] INFO  c.a.controller.VoitureController - Afficher liste de véhicules : [VoitureResponseDTO[id=1, marque=Seat, modele=Arona, couleur=Rouge, type=SUV, nbrPlaces=5, carburant=ESSENCE, nbrPortes=CINQ, clim=true, transmission=MANUEL, bagages=5, permis=B, tarifJournee=70, kilometrage=15000, actif=true, retireDuParc=false], VoitureResponseDTO[id=2, marque=Peugeot, modele=208, couleur=Jaune, type=CITADINE, nbrPlaces=5, carburant=ESSENCE, nbrPortes=CINQ, clim=true, transmission=MANUEL, bagages=3, permis=B, tarifJournee=50, kilometrage=20000, actif=false, retireDuParc=true]] 
2025-03-05 15:54:16 [http-nio-8080-exec-6] INFO  c.a.controller.MotoController - Afficher liste de véhicules : [MotoResponseDTO[id=3, marque=Triumph, modele=T120, couleur=bleu clair, type=VINTAGE, transmission=MANUEL, permis=A, tarifJournee=30, kilometrage=12000, actif=true, retireDuParc=true], MotoResponseDTO[id=4, marque=Yamaha, modele=R1, couleur=bleu, type=SPORTIVE, transmission=MANUEL, permis=A, tarifJournee=50, kilometrage=8000, actif=true, retireDuParc=false]] 
2025-03-05 15:55:34 [http-nio-8080-exec-8] INFO  c.a.controller.MotoController - Ajouter une moto : MotoResponseDTO[id=5, marque=Triumph, modele=T120, couleur=bleu clair, type=VINTAGE, transmission=MANUEL, permis=A, tarifJournee=30, kilometrage=12000, actif=true, retireDuParc=true]
2025-03-05 15:55:40 [http-nio-8080-exec-9] INFO  c.a.controller.MotoController - Afficher liste de véhicules : [MotoResponseDTO[id=3, marque=Triumph, modele=T120, couleur=bleu clair, type=VINTAGE, transmission=MANUEL, permis=A, tarifJournee=30, kilometrage=12000, actif=true, retireDuParc=true], MotoResponseDTO[id=4, marque=Yamaha, modele=R1, couleur=bleu, type=SPORTIVE, transmission=MANUEL, permis=A, tarifJournee=50, kilometrage=8000, actif=true, retireDuParc=false], MotoResponseDTO[id=5, marque=Triumph, modele=T120, couleur=bleu clair, type=VINTAGE, transmission=MANUEL, permis=A, tarifJournee=30, kilometrage=12000, actif=true, retireDuParc=true]] 
2025-03-05 15:59:21 [restartedMain] INFO  c.a.ProjetConcessionApplication - Starting ProjetConcessionApplication using Java 21.0.6 with PID 28296 (C:\Users\marion.lucas\OneDrive - Accenture\Bureau\Cours\Projet\projet-concession\target\classes started by marion.lucas in C:\Users\marion.lucas\OneDrive - Accenture\Bureau\Cours\Projet\projet-concession)
2025-03-05 15:59:21 [restartedMain] DEBUG c.a.ProjetConcessionApplication - Running with Spring Boot v3.4.2, Spring v6.2.2
2025-03-05 15:59:21 [restartedMain] INFO  c.a.ProjetConcessionApplication - No active profile set, falling back to 1 default profile: "default"
2025-03-05 15:59:29 [restartedMain] INFO  c.a.ProjetConcessionApplication - Started ProjetConcessionApplication in 9.085 seconds (process running for 10.658)
2025-03-05 15:59:58 [http-nio-8080-exec-7] INFO  c.a.controller.MotoController - Afficher liste de véhicules : [MotoResponseDTO[id=3, marque=Triumph, modele=T120, couleur=bleu clair, nbrCylindres=4, cylindree=1200, poids=230.0, puissance=90.0, hauteurSelle=82.0, type=VINTAGE, transmission=MANUEL, permis=A, tarifJournee=30, kilometrage=12000, actif=true, retireDuParc=true], MotoResponseDTO[id=4, marque=Yamaha, modele=R1, couleur=bleu, nbrCylindres=4, cylindree=998, poids=201.0, puissance=200.0, hauteurSelle=86.0, type=SPORTIVE, transmission=MANUEL, permis=A, tarifJournee=50, kilometrage=8000, actif=true, retireDuParc=false], MotoResponseDTO[id=5, marque=Triumph, modele=T120, couleur=bleu clair, nbrCylindres=4, cylindree=1200, poids=230.0, puissance=50.0, hauteurSelle=82.0, type=VINTAGE, transmission=MANUEL, permis=A, tarifJournee=30, kilometrage=12000, actif=true, retireDuParc=true]] 
2025-03-05 16:02:29 [http-nio-8080-exec-3] INFO  c.a.controller.MotoController - Ajouter une moto : MotoResponseDTO[id=6, marque=Triumph, modele=T120, couleur=bleu clair, nbrCylindres=4, cylindree=1200, poids=230.0, puissance=10.0, hauteurSelle=82.0, type=VINTAGE, transmission=MANUEL, permis=A2, tarifJournee=30, kilometrage=12000, actif=true, retireDuParc=true]
2025-03-05 16:02:37 [http-nio-8080-exec-4] INFO  c.a.controller.MotoController - Ajouter une moto : MotoResponseDTO[id=7, marque=Triumph, modele=T120, couleur=bleu clair, nbrCylindres=4, cylindree=1200, poids=230.0, puissance=33.0, hauteurSelle=82.0, type=VINTAGE, transmission=MANUEL, permis=A2, tarifJournee=30, kilometrage=12000, actif=true, retireDuParc=true]
2025-03-05 16:02:41 [http-nio-8080-exec-5] INFO  c.a.controller.MotoController - Afficher liste de véhicules : [MotoResponseDTO[id=3, marque=Triumph, modele=T120, couleur=bleu clair, nbrCylindres=4, cylindree=1200, poids=230.0, puissance=90.0, hauteurSelle=82.0, type=VINTAGE, transmission=MANUEL, permis=A, tarifJournee=30, kilometrage=12000, actif=true, retireDuParc=true], MotoResponseDTO[id=4, marque=Yamaha, modele=R1, couleur=bleu, nbrCylindres=4, cylindree=998, poids=201.0, puissance=200.0, hauteurSelle=86.0, type=SPORTIVE, transmission=MANUEL, permis=A, tarifJournee=50, kilometrage=8000, actif=true, retireDuParc=false], MotoResponseDTO[id=5, marque=Triumph, modele=T120, couleur=bleu clair, nbrCylindres=4, cylindree=1200, poids=230.0, puissance=50.0, hauteurSelle=82.0, type=VINTAGE, transmission=MANUEL, permis=A, tarifJournee=30, kilometrage=12000, actif=true, retireDuParc=true], MotoResponseDTO[id=6, marque=Triumph, modele=T120, couleur=bleu clair, nbrCylindres=4, cylindree=1200, poids=230.0, puissance=10.0, hauteurSelle=82.0, type=VINTAGE, transmission=MANUEL, permis=A2, tarifJournee=30, kilometrage=12000, actif=true, retireDuParc=true], MotoResponseDTO[id=7, marque=Triumph, modele=T120, couleur=bleu clair, nbrCylindres=4, cylindree=1200, poids=230.0, puissance=33.0, hauteurSelle=82.0, type=VINTAGE, transmission=MANUEL, permis=A2, tarifJournee=30, kilometrage=12000, actif=true, retireDuParc=true]] 
2025-03-05 16:03:03 [http-nio-8080-exec-1] INFO  c.a.controller.MotoController - Ajouter une moto : MotoResponseDTO[id=8, marque=Triumph, modele=T120, couleur=bleu clair, nbrCylindres=4, cylindree=1200, poids=230.0, puissance=3.0, hauteurSelle=82.0, type=VINTAGE, transmission=MANUEL, permis=A2, tarifJournee=30, kilometrage=12000, actif=true, retireDuParc=true]
2025-03-05 16:03:07 [http-nio-8080-exec-6] INFO  c.a.controller.MotoController - Afficher liste de véhicules : [MotoResponseDTO[id=3, marque=Triumph, modele=T120, couleur=bleu clair, nbrCylindres=4, cylindree=1200, poids=230.0, puissance=90.0, hauteurSelle=82.0, type=VINTAGE, transmission=MANUEL, permis=A, tarifJournee=30, kilometrage=12000, actif=true, retireDuParc=true], MotoResponseDTO[id=4, marque=Yamaha, modele=R1, couleur=bleu, nbrCylindres=4, cylindree=998, poids=201.0, puissance=200.0, hauteurSelle=86.0, type=SPORTIVE, transmission=MANUEL, permis=A, tarifJournee=50, kilometrage=8000, actif=true, retireDuParc=false], MotoResponseDTO[id=5, marque=Triumph, modele=T120, couleur=bleu clair, nbrCylindres=4, cylindree=1200, poids=230.0, puissance=50.0, hauteurSelle=82.0, type=VINTAGE, transmission=MANUEL, permis=A, tarifJournee=30, kilometrage=12000, actif=true, retireDuParc=true], MotoResponseDTO[id=6, marque=Triumph, modele=T120, couleur=bleu clair, nbrCylindres=4, cylindree=1200, poids=230.0, puissance=10.0, hauteurSelle=82.0, type=VINTAGE, transmission=MANUEL, permis=A2, tarifJournee=30, kilometrage=12000, actif=true, retireDuParc=true], MotoResponseDTO[id=7, marque=Triumph, modele=T120, couleur=bleu clair, nbrCylindres=4, cylindree=1200, poids=230.0, puissance=33.0, hauteurSelle=82.0, type=VINTAGE, transmission=MANUEL, permis=A2, tarifJournee=30, kilometrage=12000, actif=true, retireDuParc=true], MotoResponseDTO[id=8, marque=Triumph, modele=T120, couleur=bleu clair, nbrCylindres=4, cylindree=1200, poids=230.0, puissance=3.0, hauteurSelle=82.0, type=VINTAGE, transmission=MANUEL, permis=A2, tarifJournee=30, kilometrage=12000, actif=true, retireDuParc=true]] 
2025-03-05 16:04:27 [http-nio-8080-exec-9] INFO  c.a.controller.VoitureController - Ajouter une voiture : VoitureResponseDTO[id=9, marque=Peugeot, modele=208, couleur=Jaune, type=CITADINE, nbrPlaces=12, carburant=ESSENCE, nbrPortes=CINQ, clim=true, transmission=MANUEL, bagages=3, permis=D1, tarifJournee=50, kilometrage=20000, actif=false, retireDuParc=true]
2025-03-05 16:04:28 [http-nio-8080-exec-2] INFO  c.a.controller.VoitureController - Ajouter une voiture : VoitureResponseDTO[id=10, marque=Peugeot, modele=208, couleur=Jaune, type=CITADINE, nbrPlaces=12, carburant=ESSENCE, nbrPortes=CINQ, clim=true, transmission=MANUEL, bagages=3, permis=D1, tarifJournee=50, kilometrage=20000, actif=false, retireDuParc=true]
2025-03-05 16:04:33 [http-nio-8080-exec-7] INFO  c.a.controller.VoitureController - Afficher liste de véhicules : [VoitureResponseDTO[id=1, marque=Seat, modele=Arona, couleur=Rouge, type=SUV, nbrPlaces=5, carburant=ESSENCE, nbrPortes=CINQ, clim=true, transmission=MANUEL, bagages=5, permis=B, tarifJournee=70, kilometrage=15000, actif=true, retireDuParc=false], VoitureResponseDTO[id=2, marque=Peugeot, modele=208, couleur=Jaune, type=CITADINE, nbrPlaces=5, carburant=ESSENCE, nbrPortes=CINQ, clim=true, transmission=MANUEL, bagages=3, permis=B, tarifJournee=50, kilometrage=20000, actif=false, retireDuParc=true], VoitureResponseDTO[id=9, marque=Peugeot, modele=208, couleur=Jaune, type=CITADINE, nbrPlaces=12, carburant=ESSENCE, nbrPortes=CINQ, clim=true, transmission=MANUEL, bagages=3, permis=D1, tarifJournee=50, kilometrage=20000, actif=false, retireDuParc=true], VoitureResponseDTO[id=10, marque=Peugeot, modele=208, couleur=Jaune, type=CITADINE, nbrPlaces=12, carburant=ESSENCE, nbrPortes=CINQ, clim=true, transmission=MANUEL, bagages=3, permis=D1, tarifJournee=50, kilometrage=20000, actif=false, retireDuParc=true]] 
2025-03-05 16:05:29 [restartedMain] INFO  c.a.ProjetConcessionApplication - Starting ProjetConcessionApplication using Java 21.0.6 with PID 28296 (C:\Users\marion.lucas\OneDrive - Accenture\Bureau\Cours\Projet\projet-concession\target\classes started by marion.lucas in C:\Users\marion.lucas\OneDrive - Accenture\Bureau\Cours\Projet\projet-concession)
2025-03-05 16:05:29 [restartedMain] DEBUG c.a.ProjetConcessionApplication - Running with Spring Boot v3.4.2, Spring v6.2.2
2025-03-05 16:05:29 [restartedMain] INFO  c.a.ProjetConcessionApplication - No active profile set, falling back to 1 default profile: "default"
2025-03-05 16:05:35 [restartedMain] INFO  c.a.ProjetConcessionApplication - Starting ProjetConcessionApplication using Java 21.0.6 with PID 28296 (C:\Users\marion.lucas\OneDrive - Accenture\Bureau\Cours\Projet\projet-concession\target\classes started by marion.lucas in C:\Users\marion.lucas\OneDrive - Accenture\Bureau\Cours\Projet\projet-concession)
2025-03-05 16:05:35 [restartedMain] DEBUG c.a.ProjetConcessionApplication - Running with Spring Boot v3.4.2, Spring v6.2.2
2025-03-05 16:05:35 [restartedMain] INFO  c.a.ProjetConcessionApplication - No active profile set, falling back to 1 default profile: "default"
2025-03-05 16:05:38 [restartedMain] INFO  c.a.ProjetConcessionApplication - Started ProjetConcessionApplication in 3.228 seconds (process running for 379.548)
2025-03-05 16:05:51 [http-nio-8080-exec-5] INFO  c.a.controller.MotoController - Afficher liste de véhicules : [MotoResponseDTO[id=3, marque=Triumph, modele=T120, couleur=bleu clair, nbrCylindres=4, cylindree=1200, poids=230.0, puissance=90.0, hauteurSelle=82.0, type=VINTAGE, transmission=MANUEL, permis=A, tarifJournee=30, kilometrage=12000, actif=true, retireDuParc=true], MotoResponseDTO[id=4, marque=Yamaha, modele=R1, couleur=bleu, nbrCylindres=4, cylindree=998, poids=201.0, puissance=200.0, hauteurSelle=86.0, type=SPORTIVE, transmission=MANUEL, permis=A, tarifJournee=50, kilometrage=8000, actif=true, retireDuParc=false], MotoResponseDTO[id=5, marque=Triumph, modele=T120, couleur=bleu clair, nbrCylindres=4, cylindree=1200, poids=230.0, puissance=50.0, hauteurSelle=82.0, type=VINTAGE, transmission=MANUEL, permis=A, tarifJournee=30, kilometrage=12000, actif=true, retireDuParc=true], MotoResponseDTO[id=6, marque=Triumph, modele=T120, couleur=bleu clair, nbrCylindres=4, cylindree=1200, poids=230.0, puissance=10.0, hauteurSelle=82.0, type=VINTAGE, transmission=MANUEL, permis=A2, tarifJournee=30, kilometrage=12000, actif=true, retireDuParc=true], MotoResponseDTO[id=7, marque=Triumph, modele=T120, couleur=bleu clair, nbrCylindres=4, cylindree=1200, poids=230.0, puissance=33.0, hauteurSelle=82.0, type=VINTAGE, transmission=MANUEL, permis=A2, tarifJournee=30, kilometrage=12000, actif=true, retireDuParc=true], MotoResponseDTO[id=8, marque=Triumph, modele=T120, couleur=bleu clair, nbrCylindres=4, cylindree=1200, poids=230.0, puissance=3.0, hauteurSelle=82.0, type=VINTAGE, transmission=MANUEL, permis=A2, tarifJournee=30, kilometrage=12000, actif=true, retireDuParc=true]] 
2025-03-05 16:06:18 [restartedMain] INFO  c.a.ProjetConcessionApplication - Starting ProjetConcessionApplication using Java 21.0.6 with PID 28296 (C:\Users\marion.lucas\OneDrive - Accenture\Bureau\Cours\Projet\projet-concession\target\classes started by marion.lucas in C:\Users\marion.lucas\OneDrive - Accenture\Bureau\Cours\Projet\projet-concession)
2025-03-05 16:06:18 [restartedMain] DEBUG c.a.ProjetConcessionApplication - Running with Spring Boot v3.4.2, Spring v6.2.2
2025-03-05 16:06:18 [restartedMain] INFO  c.a.ProjetConcessionApplication - No active profile set, falling back to 1 default profile: "default"
2025-03-05 16:06:22 [restartedMain] INFO  c.a.ProjetConcessionApplication - Starting ProjetConcessionApplication using Java 21.0.6 with PID 28296 (C:\Users\marion.lucas\OneDrive - Accenture\Bureau\Cours\Projet\projet-concession\target\classes started by marion.lucas in C:\Users\marion.lucas\OneDrive - Accenture\Bureau\Cours\Projet\projet-concession)
2025-03-05 16:06:22 [restartedMain] DEBUG c.a.ProjetConcessionApplication - Running with Spring Boot v3.4.2, Spring v6.2.2
2025-03-05 16:06:22 [restartedMain] INFO  c.a.ProjetConcessionApplication - No active profile set, falling back to 1 default profile: "default"
2025-03-05 16:06:23 [restartedMain] INFO  c.a.ProjetConcessionApplication - Started ProjetConcessionApplication in 1.47 seconds (process running for 424.785)
2025-03-05 16:06:30 [http-nio-8080-exec-4] INFO  c.a.controller.MotoController - Afficher liste de véhicules : [MotoResponseDTO[id=3, marque=Triumph, modele=T120, couleur=bleu clair, nbrCylindres=4, cylindree=1200, poids=230.0, puissance=90.0, hauteurSelle=82.0, type=VINTAGE, transmission=MANUEL, permis=A, tarifJournee=30, kilometrage=12000, actif=true, retireDuParc=true], MotoResponseDTO[id=4, marque=Yamaha, modele=R1, couleur=bleu, nbrCylindres=4, cylindree=998, poids=201.0, puissance=200.0, hauteurSelle=86.0, type=SPORTIVE, transmission=MANUEL, permis=A, tarifJournee=50, kilometrage=8000, actif=true, retireDuParc=false], MotoResponseDTO[id=5, marque=Triumph, modele=T120, couleur=bleu clair, nbrCylindres=4, cylindree=1200, poids=230.0, puissance=50.0, hauteurSelle=82.0, type=VINTAGE, transmission=MANUEL, permis=A, tarifJournee=30, kilometrage=12000, actif=true, retireDuParc=true], MotoResponseDTO[id=6, marque=Triumph, modele=T120, couleur=bleu clair, nbrCylindres=4, cylindree=1200, poids=230.0, puissance=10.0, hauteurSelle=82.0, type=VINTAGE, transmission=MANUEL, permis=A2, tarifJournee=30, kilometrage=12000, actif=true, retireDuParc=true], MotoResponseDTO[id=7, marque=Triumph, modele=T120, couleur=bleu clair, nbrCylindres=4, cylindree=1200, poids=230.0, puissance=33.0, hauteurSelle=82.0, type=VINTAGE, transmission=MANUEL, permis=A2, tarifJournee=30, kilometrage=12000, actif=true, retireDuParc=true], MotoResponseDTO[id=8, marque=Triumph, modele=T120, couleur=bleu clair, nbrCylindres=4, cylindree=1200, poids=230.0, puissance=3.0, hauteurSelle=82.0, type=VINTAGE, transmission=MANUEL, permis=A2, tarifJournee=30, kilometrage=12000, actif=true, retireDuParc=true]] 
2025-03-05 16:06:47 [restartedMain] INFO  c.a.ProjetConcessionApplication - Starting ProjetConcessionApplication using Java 21.0.6 with PID 28296 (C:\Users\marion.lucas\OneDrive - Accenture\Bureau\Cours\Projet\projet-concession\target\classes started by marion.lucas in C:\Users\marion.lucas\OneDrive - Accenture\Bureau\Cours\Projet\projet-concession)
2025-03-05 16:06:47 [restartedMain] DEBUG c.a.ProjetConcessionApplication - Running with Spring Boot v3.4.2, Spring v6.2.2
2025-03-05 16:06:47 [restartedMain] INFO  c.a.ProjetConcessionApplication - No active profile set, falling back to 1 default profile: "default"
2025-03-05 16:06:50 [restartedMain] INFO  c.a.ProjetConcessionApplication - Starting ProjetConcessionApplication using Java 21.0.6 with PID 28296 (C:\Users\marion.lucas\OneDrive - Accenture\Bureau\Cours\Projet\projet-concession\target\classes started by marion.lucas in C:\Users\marion.lucas\OneDrive - Accenture\Bureau\Cours\Projet\projet-concession)
2025-03-05 16:06:50 [restartedMain] DEBUG c.a.ProjetConcessionApplication - Running with Spring Boot v3.4.2, Spring v6.2.2
2025-03-05 16:06:50 [restartedMain] INFO  c.a.ProjetConcessionApplication - No active profile set, falling back to 1 default profile: "default"
2025-03-05 16:06:52 [restartedMain] INFO  c.a.ProjetConcessionApplication - Started ProjetConcessionApplication in 1.713 seconds (process running for 453.644)
2025-03-05 16:06:58 [restartedMain] INFO  c.a.ProjetConcessionApplication - Starting ProjetConcessionApplication using Java 21.0.6 with PID 14856 (C:\Users\marion.lucas\OneDrive - Accenture\Bureau\Cours\Projet\projet-concession\target\classes started by marion.lucas in C:\Users\marion.lucas\OneDrive - Accenture\Bureau\Cours\Projet\projet-concession)
2025-03-05 16:06:58 [restartedMain] DEBUG c.a.ProjetConcessionApplication - Running with Spring Boot v3.4.2, Spring v6.2.2
2025-03-05 16:06:58 [restartedMain] INFO  c.a.ProjetConcessionApplication - No active profile set, falling back to 1 default profile: "default"
2025-03-05 16:07:08 [restartedMain] INFO  c.a.ProjetConcessionApplication - Started ProjetConcessionApplication in 10.373 seconds (process running for 11.897)
2025-03-05 16:07:40 [http-nio-8080-exec-5] INFO  c.a.controller.MotoController - Ajouter une moto : MotoResponseDTO[id=11, marque=Triumph, modele=T120, couleur=bleu clair, nbrCylindres=4, cylindree=1200, poids=230.0, puissance=9.0, hauteurSelle=82.0, type=VINTAGE, transmission=MANUEL, permis=A1, tarifJournee=30, kilometrage=12000, actif=true, retireDuParc=true]
2025-03-05 16:07:44 [http-nio-8080-exec-6] INFO  c.a.controller.MotoController - Afficher liste de véhicules : [MotoResponseDTO[id=3, marque=Triumph, modele=T120, couleur=bleu clair, nbrCylindres=4, cylindree=1200, poids=230.0, puissance=90.0, hauteurSelle=82.0, type=VINTAGE, transmission=MANUEL, permis=A, tarifJournee=30, kilometrage=12000, actif=true, retireDuParc=true], MotoResponseDTO[id=4, marque=Yamaha, modele=R1, couleur=bleu, nbrCylindres=4, cylindree=998, poids=201.0, puissance=200.0, hauteurSelle=86.0, type=SPORTIVE, transmission=MANUEL, permis=A, tarifJournee=50, kilometrage=8000, actif=true, retireDuParc=false], MotoResponseDTO[id=5, marque=Triumph, modele=T120, couleur=bleu clair, nbrCylindres=4, cylindree=1200, poids=230.0, puissance=50.0, hauteurSelle=82.0, type=VINTAGE, transmission=MANUEL, permis=A, tarifJournee=30, kilometrage=12000, actif=true, retireDuParc=true], MotoResponseDTO[id=6, marque=Triumph, modele=T120, couleur=bleu clair, nbrCylindres=4, cylindree=1200, poids=230.0, puissance=10.0, hauteurSelle=82.0, type=VINTAGE, transmission=MANUEL, permis=A2, tarifJournee=30, kilometrage=12000, actif=true, retireDuParc=true], MotoResponseDTO[id=7, marque=Triumph, modele=T120, couleur=bleu clair, nbrCylindres=4, cylindree=1200, poids=230.0, puissance=33.0, hauteurSelle=82.0, type=VINTAGE, transmission=MANUEL, permis=A2, tarifJournee=30, kilometrage=12000, actif=true, retireDuParc=true], MotoResponseDTO[id=8, marque=Triumph, modele=T120, couleur=bleu clair, nbrCylindres=4, cylindree=1200, poids=230.0, puissance=3.0, hauteurSelle=82.0, type=VINTAGE, transmission=MANUEL, permis=A2, tarifJournee=30, kilometrage=12000, actif=true, retireDuParc=true], MotoResponseDTO[id=11, marque=Triumph, modele=T120, couleur=bleu clair, nbrCylindres=4, cylindree=1200, poids=230.0, puissance=9.0, hauteurSelle=82.0, type=VINTAGE, transmission=MANUEL, permis=A1, tarifJournee=30, kilometrage=12000, actif=true, retireDuParc=true]] 
2025-03-05 16:12:23 [restartedMain] INFO  c.a.ProjetConcessionApplication - Starting ProjetConcessionApplication using Java 21.0.6 with PID 29884 (C:\Users\marion.lucas\OneDrive - Accenture\Bureau\Cours\Projet\projet-concession\target\classes started by marion.lucas in C:\Users\marion.lucas\OneDrive - Accenture\Bureau\Cours\Projet\projet-concession)
2025-03-05 16:12:23 [restartedMain] DEBUG c.a.ProjetConcessionApplication - Running with Spring Boot v3.4.2, Spring v6.2.2
2025-03-05 16:12:23 [restartedMain] INFO  c.a.ProjetConcessionApplication - No active profile set, falling back to 1 default profile: "default"
2025-03-05 16:12:34 [restartedMain] INFO  c.a.ProjetConcessionApplication - Started ProjetConcessionApplication in 11.127 seconds (process running for 12.654)
2025-03-05 16:13:00 [restartedMain] INFO  c.a.ProjetConcessionApplication - Starting ProjetConcessionApplication using Java 21.0.6 with PID 29884 (C:\Users\marion.lucas\OneDrive - Accenture\Bureau\Cours\Projet\projet-concession\target\classes started by marion.lucas in C:\Users\marion.lucas\OneDrive - Accenture\Bureau\Cours\Projet\projet-concession)
2025-03-05 16:13:00 [restartedMain] DEBUG c.a.ProjetConcessionApplication - Running with Spring Boot v3.4.2, Spring v6.2.2
2025-03-05 16:13:00 [restartedMain] INFO  c.a.ProjetConcessionApplication - No active profile set, falling back to 1 default profile: "default"
2025-03-05 16:13:04 [restartedMain] INFO  c.a.ProjetConcessionApplication - Starting ProjetConcessionApplication using Java 21.0.6 with PID 29884 (C:\Users\marion.lucas\OneDrive - Accenture\Bureau\Cours\Projet\projet-concession\target\classes started by marion.lucas in C:\Users\marion.lucas\OneDrive - Accenture\Bureau\Cours\Projet\projet-concession)
2025-03-05 16:13:04 [restartedMain] DEBUG c.a.ProjetConcessionApplication - Running with Spring Boot v3.4.2, Spring v6.2.2
2025-03-05 16:13:04 [restartedMain] INFO  c.a.ProjetConcessionApplication - No active profile set, falling back to 1 default profile: "default"
2025-03-05 16:13:06 [restartedMain] INFO  c.a.ProjetConcessionApplication - Started ProjetConcessionApplication in 1.749 seconds (process running for 44.744)
2025-03-05 16:13:15 [http-nio-8080-exec-1] INFO  c.a.controller.MotoController - Ajouter une moto : MotoResponseDTO[id=12, marque=Triumph, modele=T120, couleur=bleu clair, nbrCylindres=4, cylindree=120, poids=230.0, puissance=9.0, hauteurSelle=82.0, type=VINTAGE, transmission=MANUEL, permis=A1, tarifJournee=30, kilometrage=12000, actif=true, retireDuParc=true]
2025-03-05 16:13:28 [http-nio-8080-exec-2] INFO  c.a.controller.MotoController - Ajouter une moto : MotoResponseDTO[id=13, marque=Triumph, modele=T120, couleur=bleu clair, nbrCylindres=4, cylindree=150, poids=230.0, puissance=9.0, hauteurSelle=82.0, type=VINTAGE, transmission=MANUEL, permis=A, tarifJournee=30, kilometrage=12000, actif=true, retireDuParc=true]
2025-03-05 16:13:33 [http-nio-8080-exec-3] INFO  c.a.controller.MotoController - Afficher liste de véhicules : [MotoResponseDTO[id=3, marque=Triumph, modele=T120, couleur=bleu clair, nbrCylindres=4, cylindree=1200, poids=230.0, puissance=90.0, hauteurSelle=82.0, type=VINTAGE, transmission=MANUEL, permis=A, tarifJournee=30, kilometrage=12000, actif=true, retireDuParc=true], MotoResponseDTO[id=4, marque=Yamaha, modele=R1, couleur=bleu, nbrCylindres=4, cylindree=998, poids=201.0, puissance=200.0, hauteurSelle=86.0, type=SPORTIVE, transmission=MANUEL, permis=A, tarifJournee=50, kilometrage=8000, actif=true, retireDuParc=false], MotoResponseDTO[id=5, marque=Triumph, modele=T120, couleur=bleu clair, nbrCylindres=4, cylindree=1200, poids=230.0, puissance=50.0, hauteurSelle=82.0, type=VINTAGE, transmission=MANUEL, permis=A, tarifJournee=30, kilometrage=12000, actif=true, retireDuParc=true], MotoResponseDTO[id=6, marque=Triumph, modele=T120, couleur=bleu clair, nbrCylindres=4, cylindree=1200, poids=230.0, puissance=10.0, hauteurSelle=82.0, type=VINTAGE, transmission=MANUEL, permis=A2, tarifJournee=30, kilometrage=12000, actif=true, retireDuParc=true], MotoResponseDTO[id=7, marque=Triumph, modele=T120, couleur=bleu clair, nbrCylindres=4, cylindree=1200, poids=230.0, puissance=33.0, hauteurSelle=82.0, type=VINTAGE, transmission=MANUEL, permis=A2, tarifJournee=30, kilometrage=12000, actif=true, retireDuParc=true], MotoResponseDTO[id=8, marque=Triumph, modele=T120, couleur=bleu clair, nbrCylindres=4, cylindree=1200, poids=230.0, puissance=3.0, hauteurSelle=82.0, type=VINTAGE, transmission=MANUEL, permis=A2, tarifJournee=30, kilometrage=12000, actif=true, retireDuParc=true], MotoResponseDTO[id=11, marque=Triumph, modele=T120, couleur=bleu clair, nbrCylindres=4, cylindree=1200, poids=230.0, puissance=9.0, hauteurSelle=82.0, type=VINTAGE, transmission=MANUEL, permis=A1, tarifJournee=30, kilometrage=12000, actif=true, retireDuParc=true], MotoResponseDTO[id=12, marque=Triumph, modele=T120, couleur=bleu clair, nbrCylindres=4, cylindree=120, poids=230.0, puissance=9.0, hauteurSelle=82.0, type=VINTAGE, transmission=MANUEL, permis=A1, tarifJournee=30, kilometrage=12000, actif=true, retireDuParc=true], MotoResponseDTO[id=13, marque=Triumph, modele=T120, couleur=bleu clair, nbrCylindres=4, cylindree=150, poids=230.0, puissance=9.0, hauteurSelle=82.0, type=VINTAGE, transmission=MANUEL, permis=A, tarifJournee=30, kilometrage=12000, actif=true, retireDuParc=true]] 
2025-03-05 16:18:43 [restartedMain] INFO  c.a.ProjetConcessionApplication - Starting ProjetConcessionApplication using Java 21.0.6 with PID 29884 (C:\Users\marion.lucas\OneDrive - Accenture\Bureau\Cours\Projet\projet-concession\target\classes started by marion.lucas in C:\Users\marion.lucas\OneDrive - Accenture\Bureau\Cours\Projet\projet-concession)
2025-03-05 16:18:43 [restartedMain] DEBUG c.a.ProjetConcessionApplication - Running with Spring Boot v3.4.2, Spring v6.2.2
2025-03-05 16:18:43 [restartedMain] INFO  c.a.ProjetConcessionApplication - No active profile set, falling back to 1 default profile: "default"
2025-03-05 16:18:47 [restartedMain] INFO  c.a.ProjetConcessionApplication - Starting ProjetConcessionApplication using Java 21.0.6 with PID 29884 (C:\Users\marion.lucas\OneDrive - Accenture\Bureau\Cours\Projet\projet-concession\target\classes started by marion.lucas in C:\Users\marion.lucas\OneDrive - Accenture\Bureau\Cours\Projet\projet-concession)
2025-03-05 16:18:47 [restartedMain] DEBUG c.a.ProjetConcessionApplication - Running with Spring Boot v3.4.2, Spring v6.2.2
2025-03-05 16:18:47 [restartedMain] INFO  c.a.ProjetConcessionApplication - No active profile set, falling back to 1 default profile: "default"
2025-03-05 16:18:49 [restartedMain] INFO  c.a.ProjetConcessionApplication - Started ProjetConcessionApplication in 1.825 seconds (process running for 387.927)
2025-03-05 16:19:19 [http-nio-8080-exec-1] INFO  c.a.controller.MotoController - Ajouter une moto : MotoResponseDTO[id=14, marque=Triumph, modele=T120, couleur=bleu clair, nbrCylindres=4, cylindree=150, poids=230.0, puissance=9.0, hauteurSelle=82.0, type=VINTAGE, transmission=MANUEL, permis=A, tarifJournee=30, kilometrage=12000, actif=true, retireDuParc=true]
2025-03-05 16:19:29 [http-nio-8080-exec-2] INFO  c.a.controller.MotoController - Afficher liste de véhicules : [MotoResponseDTO[id=3, marque=Triumph, modele=T120, couleur=bleu clair, nbrCylindres=4, cylindree=1200, poids=230.0, puissance=90.0, hauteurSelle=82.0, type=VINTAGE, transmission=MANUEL, permis=A, tarifJournee=30, kilometrage=12000, actif=true, retireDuParc=true], MotoResponseDTO[id=4, marque=Yamaha, modele=R1, couleur=bleu, nbrCylindres=4, cylindree=998, poids=201.0, puissance=200.0, hauteurSelle=86.0, type=SPORTIVE, transmission=MANUEL, permis=A, tarifJournee=50, kilometrage=8000, actif=true, retireDuParc=false], MotoResponseDTO[id=5, marque=Triumph, modele=T120, couleur=bleu clair, nbrCylindres=4, cylindree=1200, poids=230.0, puissance=50.0, hauteurSelle=82.0, type=VINTAGE, transmission=MANUEL, permis=A, tarifJournee=30, kilometrage=12000, actif=true, retireDuParc=true], MotoResponseDTO[id=6, marque=Triumph, modele=T120, couleur=bleu clair, nbrCylindres=4, cylindree=1200, poids=230.0, puissance=10.0, hauteurSelle=82.0, type=VINTAGE, transmission=MANUEL, permis=A2, tarifJournee=30, kilometrage=12000, actif=true, retireDuParc=true], MotoResponseDTO[id=7, marque=Triumph, modele=T120, couleur=bleu clair, nbrCylindres=4, cylindree=1200, poids=230.0, puissance=33.0, hauteurSelle=82.0, type=VINTAGE, transmission=MANUEL, permis=A2, tarifJournee=30, kilometrage=12000, actif=true, retireDuParc=true], MotoResponseDTO[id=8, marque=Triumph, modele=T120, couleur=bleu clair, nbrCylindres=4, cylindree=1200, poids=230.0, puissance=3.0, hauteurSelle=82.0, type=VINTAGE, transmission=MANUEL, permis=A2, tarifJournee=30, kilometrage=12000, actif=true, retireDuParc=true], MotoResponseDTO[id=11, marque=Triumph, modele=T120, couleur=bleu clair, nbrCylindres=4, cylindree=1200, poids=230.0, puissance=9.0, hauteurSelle=82.0, type=VINTAGE, transmission=MANUEL, permis=A1, tarifJournee=30, kilometrage=12000, actif=true, retireDuParc=true], MotoResponseDTO[id=12, marque=Triumph, modele=T120, couleur=bleu clair, nbrCylindres=4, cylindree=120, poids=230.0, puissance=9.0, hauteurSelle=82.0, type=VINTAGE, transmission=MANUEL, permis=A1, tarifJournee=30, kilometrage=12000, actif=true, retireDuParc=true], MotoResponseDTO[id=13, marque=Triumph, modele=T120, couleur=bleu clair, nbrCylindres=4, cylindree=150, poids=230.0, puissance=9.0, hauteurSelle=82.0, type=VINTAGE, transmission=MANUEL, permis=A, tarifJournee=30, kilometrage=12000, actif=true, retireDuParc=true], MotoResponseDTO[id=14, marque=Triumph, modele=T120, couleur=bleu clair, nbrCylindres=4, cylindree=150, poids=230.0, puissance=9.0, hauteurSelle=82.0, type=VINTAGE, transmission=MANUEL, permis=A, tarifJournee=30, kilometrage=12000, actif=true, retireDuParc=true]] 
2025-03-05 16:21:20 [restartedMain] INFO  c.a.ProjetConcessionApplication - Starting ProjetConcessionApplication using Java 21.0.6 with PID 29884 (C:\Users\marion.lucas\OneDrive - Accenture\Bureau\Cours\Projet\projet-concession\target\classes started by marion.lucas in C:\Users\marion.lucas\OneDrive - Accenture\Bureau\Cours\Projet\projet-concession)
2025-03-05 16:21:20 [restartedMain] DEBUG c.a.ProjetConcessionApplication - Running with Spring Boot v3.4.2, Spring v6.2.2
2025-03-05 16:21:20 [restartedMain] INFO  c.a.ProjetConcessionApplication - No active profile set, falling back to 1 default profile: "default"
2025-03-05 16:21:24 [restartedMain] INFO  c.a.ProjetConcessionApplication - Starting ProjetConcessionApplication using Java 21.0.6 with PID 29884 (C:\Users\marion.lucas\OneDrive - Accenture\Bureau\Cours\Projet\projet-concession\target\classes started by marion.lucas in C:\Users\marion.lucas\OneDrive - Accenture\Bureau\Cours\Projet\projet-concession)
2025-03-05 16:21:24 [restartedMain] DEBUG c.a.ProjetConcessionApplication - Running with Spring Boot v3.4.2, Spring v6.2.2
2025-03-05 16:21:24 [restartedMain] INFO  c.a.ProjetConcessionApplication - No active profile set, falling back to 1 default profile: "default"
2025-03-05 16:21:25 [restartedMain] INFO  c.a.ProjetConcessionApplication - Started ProjetConcessionApplication in 1.55 seconds (process running for 544.224)
2025-03-05 16:22:06 [http-nio-8080-exec-5] INFO  c.a.controller.MotoController - Ajouter une moto : MotoResponseDTO[id=15, marque=Triumph, modele=T120, couleur=bleu clair, nbrCylindres=4, cylindree=130, poids=230.0, puissance=10.0, hauteurSelle=82.0, type=VINTAGE, transmission=MANUEL, permis=A2, tarifJournee=30, kilometrage=12000, actif=true, retireDuParc=true]
2025-03-05 16:22:10 [http-nio-8080-exec-6] INFO  c.a.controller.MotoController - Afficher liste de véhicules : [MotoResponseDTO[id=3, marque=Triumph, modele=T120, couleur=bleu clair, nbrCylindres=4, cylindree=1200, poids=230.0, puissance=90.0, hauteurSelle=82.0, type=VINTAGE, transmission=MANUEL, permis=A, tarifJournee=30, kilometrage=12000, actif=true, retireDuParc=true], MotoResponseDTO[id=4, marque=Yamaha, modele=R1, couleur=bleu, nbrCylindres=4, cylindree=998, poids=201.0, puissance=200.0, hauteurSelle=86.0, type=SPORTIVE, transmission=MANUEL, permis=A, tarifJournee=50, kilometrage=8000, actif=true, retireDuParc=false], MotoResponseDTO[id=5, marque=Triumph, modele=T120, couleur=bleu clair, nbrCylindres=4, cylindree=1200, poids=230.0, puissance=50.0, hauteurSelle=82.0, type=VINTAGE, transmission=MANUEL, permis=A, tarifJournee=30, kilometrage=12000, actif=true, retireDuParc=true], MotoResponseDTO[id=6, marque=Triumph, modele=T120, couleur=bleu clair, nbrCylindres=4, cylindree=1200, poids=230.0, puissance=10.0, hauteurSelle=82.0, type=VINTAGE, transmission=MANUEL, permis=A2, tarifJournee=30, kilometrage=12000, actif=true, retireDuParc=true], MotoResponseDTO[id=7, marque=Triumph, modele=T120, couleur=bleu clair, nbrCylindres=4, cylindree=1200, poids=230.0, puissance=33.0, hauteurSelle=82.0, type=VINTAGE, transmission=MANUEL, permis=A2, tarifJournee=30, kilometrage=12000, actif=true, retireDuParc=true], MotoResponseDTO[id=8, marque=Triumph, modele=T120, couleur=bleu clair, nbrCylindres=4, cylindree=1200, poids=230.0, puissance=3.0, hauteurSelle=82.0, type=VINTAGE, transmission=MANUEL, permis=A2, tarifJournee=30, kilometrage=12000, actif=true, retireDuParc=true], MotoResponseDTO[id=11, marque=Triumph, modele=T120, couleur=bleu clair, nbrCylindres=4, cylindree=1200, poids=230.0, puissance=9.0, hauteurSelle=82.0, type=VINTAGE, transmission=MANUEL, permis=A1, tarifJournee=30, kilometrage=12000, actif=true, retireDuParc=true], MotoResponseDTO[id=12, marque=Triumph, modele=T120, couleur=bleu clair, nbrCylindres=4, cylindree=120, poids=230.0, puissance=9.0, hauteurSelle=82.0, type=VINTAGE, transmission=MANUEL, permis=A1, tarifJournee=30, kilometrage=12000, actif=true, retireDuParc=true], MotoResponseDTO[id=13, marque=Triumph, modele=T120, couleur=bleu clair, nbrCylindres=4, cylindree=150, poids=230.0, puissance=9.0, hauteurSelle=82.0, type=VINTAGE, transmission=MANUEL, permis=A, tarifJournee=30, kilometrage=12000, actif=true, retireDuParc=true], MotoResponseDTO[id=14, marque=Triumph, modele=T120, couleur=bleu clair, nbrCylindres=4, cylindree=150, poids=230.0, puissance=9.0, hauteurSelle=82.0, type=VINTAGE, transmission=MANUEL, permis=A, tarifJournee=30, kilometrage=12000, actif=true, retireDuParc=true], MotoResponseDTO[id=15, marque=Triumph, modele=T120, couleur=bleu clair, nbrCylindres=4, cylindree=130, poids=230.0, puissance=10.0, hauteurSelle=82.0, type=VINTAGE, transmission=MANUEL, permis=A2, tarifJournee=30, kilometrage=12000, actif=true, retireDuParc=true]] 
