2025-03-06 10:36:41 [restartedMain] INFO  c.a.ProjetConcessionApplication - Starting ProjetConcessionApplication using Java 21.0.6 with PID 2676 (C:\Users\marion.lucas\OneDrive - Accenture\Bureau\Cours\Projet\projet-concession\target\classes started by marion.lucas in C:\Users\marion.lucas\OneDrive - Accenture\Bureau\Cours\Projet\projet-concession)
2025-03-06 10:36:41 [restartedMain] DEBUG c.a.ProjetConcessionApplication - Running with Spring Boot v3.4.2, Spring v6.2.2
2025-03-06 10:36:41 [restartedMain] INFO  c.a.ProjetConcessionApplication - No active profile set, falling back to 1 default profile: "default"
2025-03-06 10:36:53 [restartedMain] INFO  c.a.ProjetConcessionApplication - Started ProjetConcessionApplication in 12.376 seconds (process running for 15.363)
2025-03-06 10:47:52 [restartedMain] INFO  c.a.ProjetConcessionApplication - Starting ProjetConcessionApplication using Java 21.0.6 with PID 22160 (C:\Users\marion.lucas\OneDrive - Accenture\Bureau\Cours\Projet\projet-concession\target\classes started by marion.lucas in C:\Users\marion.lucas\OneDrive - Accenture\Bureau\Cours\Projet\projet-concession)
2025-03-06 10:47:52 [restartedMain] DEBUG c.a.ProjetConcessionApplication - Running with Spring Boot v3.4.2, Spring v6.2.2
2025-03-06 10:47:52 [restartedMain] INFO  c.a.ProjetConcessionApplication - No active profile set, falling back to 1 default profile: "default"
2025-03-06 10:48:05 [restartedMain] INFO  c.a.ProjetConcessionApplication - Started ProjetConcessionApplication in 13.784 seconds (process running for 15.724)
2025-03-06 14:20:35 [restartedMain] INFO  c.a.ProjetConcessionApplication - Starting ProjetConcessionApplication using Java 21.0.6 with PID 18700 (C:\Users\marion.lucas\OneDrive - Accenture\Bureau\Cours\Projet\projet-concession\target\classes started by marion.lucas in C:\Users\marion.lucas\OneDrive - Accenture\Bureau\Cours\Projet\projet-concession)
2025-03-06 14:20:35 [restartedMain] DEBUG c.a.ProjetConcessionApplication - Running with Spring Boot v3.4.2, Spring v6.2.2
2025-03-06 14:20:35 [restartedMain] INFO  c.a.ProjetConcessionApplication - No active profile set, falling back to 1 default profile: "default"
2025-03-06 14:20:47 [restartedMain] INFO  c.a.ProjetConcessionApplication - Started ProjetConcessionApplication in 12.067 seconds (process running for 15.367)
2025-03-06 14:23:33 [restartedMain] INFO  c.a.ProjetConcessionApplication - Starting ProjetConcessionApplication using Java 21.0.6 with PID 21156 (C:\Users\marion.lucas\OneDrive - Accenture\Bureau\Cours\Projet\projet-concession\target\classes started by marion.lucas in C:\Users\marion.lucas\OneDrive - Accenture\Bureau\Cours\Projet\projet-concession)
2025-03-06 14:23:33 [restartedMain] DEBUG c.a.ProjetConcessionApplication - Running with Spring Boot v3.4.2, Spring v6.2.2
2025-03-06 14:23:33 [restartedMain] INFO  c.a.ProjetConcessionApplication - No active profile set, falling back to 1 default profile: "default"
2025-03-06 14:23:42 [restartedMain] INFO  c.a.ProjetConcessionApplication - Started ProjetConcessionApplication in 9.376 seconds (process running for 10.739)
2025-03-06 14:25:49 [restartedMain] INFO  c.a.ProjetConcessionApplication - Starting ProjetConcessionApplication using Java 21.0.6 with PID 6624 (C:\Users\marion.lucas\OneDrive - Accenture\Bureau\Cours\Projet\projet-concession\target\classes started by marion.lucas in C:\Users\marion.lucas\OneDrive - Accenture\Bureau\Cours\Projet\projet-concession)
2025-03-06 14:25:49 [restartedMain] DEBUG c.a.ProjetConcessionApplication - Running with Spring Boot v3.4.2, Spring v6.2.2
2025-03-06 14:25:49 [restartedMain] INFO  c.a.ProjetConcessionApplication - No active profile set, falling back to 1 default profile: "default"
2025-03-06 14:25:58 [restartedMain] INFO  c.a.ProjetConcessionApplication - Started ProjetConcessionApplication in 9.864 seconds (process running for 11.309)
2025-03-06 14:30:32 [http-nio-8080-exec-6] INFO  c.a.controller.VoitureController - Ajouter une voiture : VoitureResponseDTO[id=1, marque=Seat, modele=Arona, couleur=Rouge, type=SUV, nbrPlaces=5, carburant=ESSENCE, nbrPortes=CINQ, clim=true, transmission=MANUEL, bagages=5, permis=B, tarifJournee=50, kilometrage=15000, actif=true, retireDuParc=true]
2025-03-06 14:30:39 [http-nio-8080-exec-7] INFO  c.a.controller.VoitureController - Afficher liste de véhicules : [VoitureResponseDTO[id=1, marque=Seat, modele=Arona, couleur=Rouge, type=SUV, nbrPlaces=5, carburant=ESSENCE, nbrPortes=CINQ, clim=true, transmission=MANUEL, bagages=5, permis=B, tarifJournee=50, kilometrage=15000, actif=true, retireDuParc=true]] 
2025-03-06 14:30:54 [http-nio-8080-exec-8] INFO  c.a.controller.VoitureController - Ajouter une voiture : VoitureResponseDTO[id=2, marque=Seat, modele=Arona, couleur=Rouge, type=SUV, nbrPlaces=5, carburant=ESSENCE, nbrPortes=CINQ, clim=true, transmission=MANUEL, bagages=5, permis=B, tarifJournee=50, kilometrage=15000, actif=true, retireDuParc=false]
2025-03-06 14:31:49 [http-nio-8080-exec-5] INFO  c.a.controller.VoitureController - Ajouter une voiture : VoitureResponseDTO[id=3, marque=Peugeot, modele=208, couleur=Jaune, type=CITADINE, nbrPlaces=5, carburant=ESSENCE, nbrPortes=TROIS, clim=true, transmission=MANUEL, bagages=3, permis=B, tarifJournee=30, kilometrage=25000, actif=false, retireDuParc=false]
2025-03-06 14:33:20 [http-nio-8080-exec-1] INFO  c.a.controller.VoitureController - Ajouter une voiture : VoitureResponseDTO[id=4, marque=volkswagen , modele=tiguan, couleur=bleu, type=LUXE, nbrPlaces=5, carburant=ESSENCE, nbrPortes=CINQ, clim=true, transmission=AUTO, bagages=7, permis=B, tarifJournee=80, kilometrage=5000, actif=false, retireDuParc=true]
2025-03-06 14:35:42 [restartedMain] INFO  c.a.ProjetConcessionApplication - Starting ProjetConcessionApplication using Java 21.0.6 with PID 29156 (C:\Users\marion.lucas\OneDrive - Accenture\Bureau\Cours\Projet\projet-concession\target\classes started by marion.lucas in C:\Users\marion.lucas\OneDrive - Accenture\Bureau\Cours\Projet\projet-concession)
2025-03-06 14:35:42 [restartedMain] DEBUG c.a.ProjetConcessionApplication - Running with Spring Boot v3.4.2, Spring v6.2.2
2025-03-06 14:35:43 [restartedMain] INFO  c.a.ProjetConcessionApplication - No active profile set, falling back to 1 default profile: "default"
2025-03-06 14:35:53 [restartedMain] INFO  c.a.ProjetConcessionApplication - Started ProjetConcessionApplication in 10.93 seconds (process running for 12.227)
